<?xml version="1.0" encoding="utf-8"?><testsuites name="pytest tests"><testsuite name="pytest" errors="0" failures="0" skipped="0" tests="36" time="6.946" timestamp="2026-05-06T17:55:21.223342+00:00" hostname="agent-env-ce98533c-87c5-4beb-be7b-04ff5b6be126"><testcase classname="backend.tests.test_magazine_api.TestRoot" name="test_root_arabic" time="0.348" /><testcase classname="backend.tests.test_magazine_api.TestArticlesPublic" name="test_list_all" time="0.061" /><testcase classname="backend.tests.test_magazine_api.TestArticlesPublic" name="test_invalid_section" time="0.058" /><testcase classname="backend.tests.test_magazine_api.TestArticlesPublic" name="test_get_single_404" time="0.060" /><testcase classname="backend.tests.test_magazine_api.TestAdminAuth" name="test_login_success" time="0.065" /><testcase classname="backend.tests.test_magazine_api.TestAdminAuth" name="test_login_wrong" time="0.061" /><testcase classname="backend.tests.test_magazine_api.TestAdminAuth" name="test_me_requires_token" time="0.064" /><testcase classname="backend.tests.test_magazine_api.TestAdminAuth" name="test_me_with_token" time="0.115" /><testcase classname="backend.tests.test_magazine_api.TestAdminAuth" name="test_post_article_requires_auth" time="0.057" /><testcase classname="backend.tests.test_magazine_api.TestArticlesAdmin" name="test_create_update_delete_flow" time="0.433" /><testcase classname="backend.tests.test_magazine_api.TestArticlesAdmin" name="test_create_invalid_section" time="0.061" /><testcase classname="backend.tests.test_magazine_api.TestSuggestions" name="test_create_public" time="0.067" /><testcase classname="backend.tests.test_magazine_api.TestSuggestions" name="test_list_requires_admin" time="0.059" /><testcase classname="backend.tests.test_magazine_api.TestSuggestions" name="test_list_admin_and_cleanup" time="0.123" /><testcase classname="backend.tests.test_magazine_api.TestSubscriptions" name="test_create_valid" time="0.067" /><testcase classname="backend.tests.test_magazine_api.TestSubscriptions" name="test_duplicate_email_returns_existing" time="0.118" /><testcase classname="backend.tests.test_magazine_api.TestSubscriptions" name="test_email_case_insensitive" time="0.071" /><testcase classname="backend.tests.test_magazine_api.TestSubscriptions" name="test_invalid_email[]" time="0.058" /><testcase classname="backend.tests.test_magazine_api.TestSubscriptions" name="test_invalid_email[notanemail]" time="0.059" /><testcase classname="backend.tests.test_magazine_api.TestSubscriptions" name="test_invalid_email[a@b]" time="0.062" /><testcase classname="backend.tests.test_magazine_api.TestSubscriptions" name="test_invalid_email[no-at-sign.com]" time="0.061" /><testcase classname="backend.tests.test_magazine_api.TestSubscriptions" name="test_list_requires_admin" time="0.058" /><testcase classname="backend.tests.test_magazine_api.TestSubscriptions" name="test_list_admin_no_id_leak" time="0.061" /><testcase classname="backend.tests.test_magazine_api.TestSubscriptions" name="test_delete_requires_admin" time="0.068" /><testcase classname="backend.tests.test_magazine_api.TestSubscriptions" name="test_delete_invalid_id_404" time="0.060" /><testcase classname="backend.tests.test_magazine_api.TestSubscriptions" name="test_delete_and_cleanup" time="0.245" /><testcase classname="backend.tests.test_magazine_api.TestReactions" name="test_list_returns_five" time="0.063" /><testcase classname="backend.tests.test_magazine_api.TestReactions" name="test_increment_love" time="0.210" /><testcase classname="backend.tests.test_magazine_api.TestReactions" name="test_decrement_love" time="0.191" /><testcase classname="backend.tests.test_magazine_api.TestReactions" name="test_decrement_never_below_zero" time="3.301" /><testcase classname="backend.tests.test_magazine_api.TestReactions" name="test_invalid_key_increment" time="0.071" /><testcase classname="backend.tests.test_magazine_api.TestReactions" name="test_invalid_key_decrement" time="0.063" /><testcase classname="backend.tests.test_magazine_api.TestReactions" name="test_no_id_leak" time="0.059" /><testcase classname="backend.tests.test_magazine_api.TestOpinionsLegacy" name="test_create_legacy_still_works" time="0.061" /><testcase classname="backend.tests.test_magazine_api.TestOpinionsLegacy" name="test_list_requires_admin" time="0.060" /><testcase classname="backend.tests.test_magazine_api.TestOpinionsLegacy" name="test_cleanup_legacy" time="0.118" /></testsuite></testsuites>