<?xml version="1.0" encoding="utf-8"?><testsuites name="pytest tests"><testsuite name="pytest" errors="0" failures="0" skipped="0" tests="25" time="3.139" timestamp="2026-05-06T17:04:51.227988+00:00" hostname="agent-env-ce98533c-87c5-4beb-be7b-04ff5b6be126"><testcase classname="backend.tests.test_magazine_api.TestRoot" name="test_root_arabic" time="0.390" /><testcase classname="backend.tests.test_magazine_api.TestArticlesPublic" name="test_list_all_seeded" time="0.071" /><testcase classname="backend.tests.test_magazine_api.TestArticlesPublic" name="test_filter_by_section[awareness]" time="0.071" /><testcase classname="backend.tests.test_magazine_api.TestArticlesPublic" name="test_filter_by_section[news]" time="0.070" /><testcase classname="backend.tests.test_magazine_api.TestArticlesPublic" name="test_filter_by_section[excellence]" time="0.075" /><testcase classname="backend.tests.test_magazine_api.TestArticlesPublic" name="test_invalid_section" time="0.074" /><testcase classname="backend.tests.test_magazine_api.TestArticlesPublic" name="test_filter_featured" time="0.070" /><testcase classname="backend.tests.test_magazine_api.TestArticlesPublic" name="test_get_single_and_404" time="0.216" /><testcase classname="backend.tests.test_magazine_api.TestAdminAuth" name="test_login_success" time="0.074" /><testcase classname="backend.tests.test_magazine_api.TestAdminAuth" name="test_login_wrong" time="0.080" /><testcase classname="backend.tests.test_magazine_api.TestAdminAuth" name="test_me_requires_token" time="0.068" /><testcase classname="backend.tests.test_magazine_api.TestAdminAuth" name="test_me_with_token" time="0.147" /><testcase classname="backend.tests.test_magazine_api.TestAdminAuth" name="test_post_article_requires_auth" time="0.067" /><testcase classname="backend.tests.test_magazine_api.TestArticlesAdmin" name="test_create_update_delete_flow" time="0.499" /><testcase classname="backend.tests.test_magazine_api.TestArticlesAdmin" name="test_create_invalid_section" time="0.068" /><testcase classname="backend.tests.test_magazine_api.TestSuggestions" name="test_create_public" time="0.079" /><testcase classname="backend.tests.test_magazine_api.TestSuggestions" name="test_list_requires_admin" time="0.073" /><testcase classname="backend.tests.test_magazine_api.TestSuggestions" name="test_list_admin" time="0.143" /><testcase classname="backend.tests.test_magazine_api.TestOpinions" name="test_create_valid" time="0.085" /><testcase classname="backend.tests.test_magazine_api.TestOpinions" name="test_rating_out_of_range[0]" time="0.067" /><testcase classname="backend.tests.test_magazine_api.TestOpinions" name="test_rating_out_of_range[6]" time="0.067" /><testcase classname="backend.tests.test_magazine_api.TestOpinions" name="test_rating_out_of_range[-1]" time="0.070" /><testcase classname="backend.tests.test_magazine_api.TestOpinions" name="test_rating_out_of_range[10]" time="0.069" /><testcase classname="backend.tests.test_magazine_api.TestOpinions" name="test_list_requires_admin" time="0.068" /><testcase classname="backend.tests.test_magazine_api.TestOpinions" name="test_list_admin_and_cleanup" time="0.138" /></testsuite></testsuites>